<?xml version="1.0" encoding="UTF-8"?>
<testng-results ignored="0" total="1" passed="1" failed="0" skipped="0">
  <reporter-output>
  </reporter-output>
  <suite started-at="2026-04-26T15:23:22 IDT" name="Default suite" finished-at="2026-04-26T15:24:30 IDT" duration-ms="68062">
    <groups>
    </groups>
    <test started-at="2026-04-26T15:23:22 IDT" name="Default test" finished-at="2026-04-26T15:24:30 IDT" duration-ms="68062">
      <class name="tests.LoginDataDrivenTest">
        <test-method is-config="true" signature="setUp()[pri:0, instance:tests.LoginDataDrivenTest@71809907]" started-at="2026-04-26T15:23:22 IDT" name="setUp" finished-at="2026-04-26T15:23:25 IDT" duration-ms="2677" status="PASS">
          <reporter-output>
          </reporter-output>
        </test-method> <!-- setUp -->
        <test-method signature="runLoginTestsFromExcel()[pri:0, instance:tests.LoginDataDrivenTest@71809907]" started-at="2026-04-26T15:23:25 IDT" name="runLoginTestsFromExcel" finished-at="2026-04-26T15:24:29 IDT" duration-ms="64131" status="PASS">
          <reporter-output>
          </reporter-output>
        </test-method> <!-- runLoginTestsFromExcel -->
        <test-method is-config="true" signature="tearDown()[pri:0, instance:tests.LoginDataDrivenTest@71809907]" started-at="2026-04-26T15:24:29 IDT" name="tearDown" finished-at="2026-04-26T15:24:30 IDT" duration-ms="990" status="PASS">
          <reporter-output>
          </reporter-output>
        </test-method> <!-- tearDown -->
      </class> <!-- tests.LoginDataDrivenTest -->
    </test> <!-- Default test -->
  </suite> <!-- Default suite -->
</testng-results>
